# JRE version: Java(TM) SE Runtime Environment (8.0_40-b26) (build 1.8.0_40-b26)
# Java VM: Java HotSpot(TM) 64-Bit Server VM (25.40-b25 mixed mode windows-amd64 compressed oops)
Heap:
 PSYoungGen      total 48640K, used 2906K [0x00000000d6100000, 0x00000000db900000, 0x0000000100000000)
  eden space 43520K, 6% used [0x00000000d6100000,0x00000000d63d68d8,0x00000000d8b80000)
  from space 5120K, 0% used [0x00000000d8b80000,0x00000000d8b80000,0x00000000d9080000)
  to   space 12800K, 0% used [0x00000000dac80000,0x00000000dac80000,0x00000000db900000)
 ParOldGen       total 66048K, used 11636K [0x0000000082200000, 0x0000000086280000, 0x00000000d6100000)
  object space 66048K, 17% used [0x0000000082200000,0x0000000082d5d240,0x0000000086280000)
 Metaspace       used 35120K, capacity 35314K, committed 35752K, reserved 1081344K
  class space    used 4674K, capacity 4741K, committed 4784K, reserved 1048576K
GC Heap History (10 events):
Event: 1.333 GC heap before
{Heap before GC invocations=3 (full 1):
 PSYoungGen      total 37888K, used 5111K [0x00000000d6100000, 0x00000000d8b00000, 0x0000000100000000)
  eden space 32768K, 0% used [0x00000000d6100000,0x00000000d6100000,0x00000000d8100000)
  from space 5120K, 99% used [0x00000000d8600000,0x00000000d8afdd98,0x00000000d8b00000)
  to   space 5120K, 0% used [0x00000000d8100000,0x00000000d8100000,0x00000000d8600000)
 ParOldGen       total 86016K, used 2371K [0x0000000082200000, 0x0000000087600000, 0x00000000d6100000)
  object space 86016K, 2% used [0x0000000082200000,0x0000000082450fc8,0x0000000087600000)
 Metaspace       used 21017K, capacity 21182K, committed 21296K, reserved 1067008K
  class space    used 2729K, capacity 2819K, committed 2864K, reserved 1048576K
Event: 1.362 GC heap after
Heap after GC invocations=3 (full 1):
 PSYoungGen      total 37888K, used 0K [0x00000000d6100000, 0x00000000d8b00000, 0x0000000100000000)
  eden space 32768K, 0% used [0x00000000d6100000,0x00000000d6100000,0x00000000d8100000)
  from space 5120K, 0% used [0x00000000d8600000,0x00000000d8600000,0x00000000d8b00000)
  to   space 5120K, 0% used [0x00000000d8100000,0x00000000d8100000,0x00000000d8600000)
 ParOldGen       total 66048K, used 7167K [0x0000000082200000, 0x0000000086280000, 0x00000000d6100000)
  object space 66048K, 10% used [0x0000000082200000,0x00000000828ffd20,0x0000000086280000)
 Metaspace       used 21017K, capacity 21182K, committed 21296K, reserved 1067008K
  class space    used 2729K, capacity 2819K, committed 2864K, reserved 1048576K
}
Event: 1.798 GC heap before
{Heap before GC invocations=4 (full 1):
 PSYoungGen      total 37888K, used 32768K [0x00000000d6100000, 0x00000000d8b00000, 0x0000000100000000)
  eden space 32768K, 100% used [0x00000000d6100000,0x00000000d8100000,0x00000000d8100000)
  from space 5120K, 0% used [0x00000000d8600000,0x00000000d8600000,0x00000000d8b00000)
  to   space 5120K, 0% used [0x00000000d8100000,0x00000000d8100000,0x00000000d8600000)
 ParOldGen       total 66048K, used 7167K [0x0000000082200000, 0x0000000086280000, 0x00000000d6100000)
  object space 66048K, 10% used [0x0000000082200000,0x00000000828ffd20,0x0000000086280000)
 Metaspace       used 26825K, capacity 26966K, committed 27184K, reserved 1073152K
  class space    used 3531K, capacity 3591K, committed 3632K, reserved 1048576K
Event: 1.804 GC heap after
Heap after GC invocations=4 (full 1):
 PSYoungGen      total 37888K, used 5101K [0x00000000d6100000, 0x00000000d9580000, 0x0000000100000000)
  eden space 32768K, 0% used [0x00000000d6100000,0x00000000d6100000,0x00000000d8100000)
  from space 5120K, 99% used [0x00000000d8100000,0x00000000d85fb5f0,0x00000000d8600000)
  to   space 5120K, 0% used [0x00000000d9080000,0x00000000d9080000,0x00000000d9580000)
 ParOldGen       total 66048K, used 8422K [0x0000000082200000, 0x0000000086280000, 0x00000000d6100000)
  object space 66048K, 12% used [0x0000000082200000,0x0000000082a39b70,0x0000000086280000)
 Metaspace       used 26825K, capacity 26966K, committed 27184K, reserved 1073152K
  class space    used 3531K, capacity 3591K, committed 3632K, reserved 1048576K
}
Event: 6.893 GC heap before
{Heap before GC invocations=5 (full 1):
 PSYoungGen      total 37888K, used 37869K [0x00000000d6100000, 0x00000000d9580000, 0x0000000100000000)
  eden space 32768K, 100% used [0x00000000d6100000,0x00000000d8100000,0x00000000d8100000)
  from space 5120K, 99% used [0x00000000d8100000,0x00000000d85fb5f0,0x00000000d8600000)
  to   space 5120K, 0% used [0x00000000d9080000,0x00000000d9080000,0x00000000d9580000)
 ParOldGen       total 66048K, used 8422K [0x0000000082200000, 0x0000000086280000, 0x00000000d6100000)
  object space 66048K, 12% used [0x0000000082200000,0x0000000082a39b70,0x0000000086280000)
 Metaspace       used 35027K, capacity 35250K, committed 35496K, reserved 1079296K
  class space    used 4674K, capacity 4741K, committed 4784K, reserved 1048576K
Event: 6.903 GC heap after
Heap after GC invocations=5 (full 1):
 PSYoungGen      total 47104K, used 5099K [0x00000000d6100000, 0x00000000d9580000, 0x0000000100000000)
  eden space 41984K, 0% used [0x00000000d6100000,0x00000000d6100000,0x00000000d8a00000)
  from space 5120K, 99% used [0x00000000d9080000,0x00000000d957adc8,0x00000000d9580000)
  to   space 5120K, 0% used [0x00000000d8b80000,0x00000000d8b80000,0x00000000d9080000)
 ParOldGen       total 66048K, used 13347K [0x0000000082200000, 0x0000000086280000, 0x00000000d6100000)
  object space 66048K, 20% used [0x0000000082200000,0x0000000082f08f78,0x0000000086280000)
 Metaspace       used 35027K, capacity 35250K, committed 35496K, reserved 1079296K
  class space    used 4674K, capacity 4741K, committed 4784K, reserved 1048576K
}
Event: 6.982 GC heap before
{Heap before GC invocations=6 (full 1):
 PSYoungGen      total 47104K, used 8131K [0x00000000d6100000, 0x00000000d9580000, 0x0000000100000000)
  eden space 41984K, 7% used [0x00000000d6100000,0x00000000d63f5e50,0x00000000d8a00000)
  from space 5120K, 99% used [0x00000000d9080000,0x00000000d957adc8,0x00000000d9580000)
  to   space 5120K, 0% used [0x00000000d8b80000,0x00000000d8b80000,0x00000000d9080000)
 ParOldGen       total 66048K, used 13347K [0x0000000082200000, 0x0000000086280000, 0x00000000d6100000)
  object space 66048K, 20% used [0x0000000082200000,0x0000000082f08f78,0x0000000086280000)
 Metaspace       used 35084K, capacity 35250K, committed 35496K, reserved 1079296K
  class space    used 4674K, capacity 4741K, committed 4784K, reserved 1048576K
Event: 6.988 GC heap after
Heap after GC invocations=6 (full 1):
 PSYoungGen      total 48640K, used 5115K [0x00000000d6100000, 0x00000000db900000, 0x0000000100000000)
  eden space 43520K, 0% used [0x00000000d6100000,0x00000000d6100000,0x00000000d8b80000)
  from space 5120K, 99% used [0x00000000d8b80000,0x00000000d907edb8,0x00000000d9080000)
  to   space 12800K, 0% used [0x00000000dac80000,0x00000000dac80000,0x00000000db900000)
 ParOldGen       total 66048K, used 19146K [0x0000000082200000, 0x0000000086280000, 0x00000000d6100000)
  object space 66048K, 28% used [0x0000000082200000,0x00000000834b2aa8,0x0000000086280000)
 Metaspace       used 35084K, capacity 35250K, committed 35496K, reserved 1079296K
  class space    used 4674K, capacity 4741K, committed 4784K, reserved 1048576K
}
Event: 6.988 GC heap before
{Heap before GC invocations=7 (full 2):
 PSYoungGen      total 48640K, used 5115K [0x00000000d6100000, 0x00000000db900000, 0x0000000100000000)
  eden space 43520K, 0% used [0x00000000d6100000,0x00000000d6100000,0x00000000d8b80000)
  from space 5120K, 99% used [0x00000000d8b80000,0x00000000d907edb8,0x00000000d9080000)
  to   space 12800K, 0% used [0x00000000dac80000,0x00000000dac80000,0x00000000db900000)
 ParOldGen       total 66048K, used 19146K [0x0000000082200000, 0x0000000086280000, 0x00000000d6100000)
  object space 66048K, 28% used [0x0000000082200000,0x00000000834b2aa8,0x0000000086280000)
 Metaspace       used 35084K, capacity 35250K, committed 35496K, reserved 1079296K
  class space    used 4674K, capacity 4741K, committed 4784K, reserved 1048576K
Event: 7.041 GC heap after
Heap after GC invocations=7 (full 2):
 PSYoungGen      total 48640K, used 0K [0x00000000d6100000, 0x00000000db900000, 0x0000000100000000)
  eden space 43520K, 0% used [0x00000000d6100000,0x00000000d6100000,0x00000000d8b80000)
  from space 5120K, 0% used [0x00000000d8b80000,0x00000000d8b80000,0x00000000d9080000)
  to   space 12800K, 0% used [0x00000000dac80000,0x00000000dac80000,0x00000000db900000)
 ParOldGen       total 66048K, used 11636K [0x0000000082200000, 0x0000000086280000, 0x00000000d6100000)
  object space 66048K, 17% used [0x0000000082200000,0x0000000082d5d240,0x0000000086280000)
 Metaspace       used 35084K, capacity 35250K, committed 35496K, reserved 1079296K
  class space    used 4674K, capacity 4741K, committed 4784K, reserved 1048576K
}

