# JRE version: Java(TM) SE Runtime Environment (8.0_40-b26) (build 1.8.0_40-b26)
# Java VM: Java HotSpot(TM) 64-Bit Server VM (25.40-b25 mixed mode windows-amd64 compressed oops)
Heap:
 PSYoungGen      total 37888K, used 35033K [0x00000000d6100000, 0x00000000d9880000, 0x0000000100000000)
  eden space 32768K, 91% used [0x00000000d6100000,0x00000000d7e39a28,0x00000000d8100000)
  from space 5120K, 99% used [0x00000000d8100000,0x00000000d85fca08,0x00000000d8600000)
  to   space 5120K, 0% used [0x00000000d9380000,0x00000000d9380000,0x00000000d9880000)
 ParOldGen       total 64512K, used 8394K [0x0000000082200000, 0x0000000086100000, 0x00000000d6100000)
  object space 64512K, 13% used [0x0000000082200000,0x0000000082a32ab8,0x0000000086100000)
 Metaspace       used 34164K, capacity 34384K, committed 34608K, reserved 1079296K
  class space    used 4560K, capacity 4642K, committed 4656K, reserved 1048576K
GC Heap History (8 events):
Event: 0.600 GC heap before
{Heap before GC invocations=1 (full 0):
 PSYoungGen      total 37888K, used 32768K [0x00000000d6100000, 0x00000000d8b00000, 0x0000000100000000)
  eden space 32768K, 100% used [0x00000000d6100000,0x00000000d8100000,0x00000000d8100000)
  from space 5120K, 0% used [0x00000000d8600000,0x00000000d8600000,0x00000000d8b00000)
  to   space 5120K, 0% used [0x00000000d8100000,0x00000000d8100000,0x00000000d8600000)
 ParOldGen       total 86016K, used 0K [0x0000000082200000, 0x0000000087600000, 0x00000000d6100000)
  object space 86016K, 0% used [0x0000000082200000,0x0000000082200000,0x0000000087600000)
 Metaspace       used 13217K, capacity 13392K, committed 13568K, reserved 1060864K
  class space    used 1674K, capacity 1760K, committed 1792K, reserved 1048576K
Event: 0.605 GC heap after
Heap after GC invocations=1 (full 0):
 PSYoungGen      total 37888K, used 4569K [0x00000000d6100000, 0x00000000d8b00000, 0x0000000100000000)
  eden space 32768K, 0% used [0x00000000d6100000,0x00000000d6100000,0x00000000d8100000)
  from space 5120K, 89% used [0x00000000d8100000,0x00000000d8576778,0x00000000d8600000)
  to   space 5120K, 0% used [0x00000000d8600000,0x00000000d8600000,0x00000000d8b00000)
 ParOldGen       total 86016K, used 80K [0x0000000082200000, 0x0000000087600000, 0x00000000d6100000)
  object space 86016K, 0% used [0x0000000082200000,0x0000000082214010,0x0000000087600000)
 Metaspace       used 13217K, capacity 13392K, committed 13568K, reserved 1060864K
  class space    used 1674K, capacity 1760K, committed 1792K, reserved 1048576K
}
Event: 1.969 GC heap before
{Heap before GC invocations=2 (full 0):
 PSYoungGen      total 37888K, used 23505K [0x00000000d6100000, 0x00000000d8b00000, 0x0000000100000000)
  eden space 32768K, 57% used [0x00000000d6100000,0x00000000d737dd88,0x00000000d8100000)
  from space 5120K, 89% used [0x00000000d8100000,0x00000000d8576778,0x00000000d8600000)
  to   space 5120K, 0% used [0x00000000d8600000,0x00000000d8600000,0x00000000d8b00000)
 ParOldGen       total 86016K, used 80K [0x0000000082200000, 0x0000000087600000, 0x00000000d6100000)
  object space 86016K, 0% used [0x0000000082200000,0x0000000082214010,0x0000000087600000)
 Metaspace       used 21004K, capacity 21186K, committed 21296K, reserved 1067008K
  class space    used 2733K, capacity 2819K, committed 2864K, reserved 1048576K
Event: 1.977 GC heap after
Heap after GC invocations=2 (full 0):
 PSYoungGen      total 37888K, used 5092K [0x00000000d6100000, 0x00000000d8b00000, 0x0000000100000000)
  eden space 32768K, 0% used [0x00000000d6100000,0x00000000d6100000,0x00000000d8100000)
  from space 5120K, 99% used [0x00000000d8600000,0x00000000d8af9370,0x00000000d8b00000)
  to   space 5120K, 0% used [0x00000000d8100000,0x00000000d8100000,0x00000000d8600000)
 ParOldGen       total 86016K, used 2411K [0x0000000082200000, 0x0000000087600000, 0x00000000d6100000)
  object space 86016K, 2% used [0x0000000082200000,0x000000008245ae28,0x0000000087600000)
 Metaspace       used 21004K, capacity 21186K, committed 21296K, reserved 1067008K
  class space    used 2733K, capacity 2819K, committed 2864K, reserved 1048576K
}
Event: 1.977 GC heap before
{Heap before GC invocations=3 (full 1):
 PSYoungGen      total 37888K, used 5092K [0x00000000d6100000, 0x00000000d8b00000, 0x0000000100000000)
  eden space 32768K, 0% used [0x00000000d6100000,0x00000000d6100000,0x00000000d8100000)
  from space 5120K, 99% used [0x00000000d8600000,0x00000000d8af9370,0x00000000d8b00000)
  to   space 5120K, 0% used [0x00000000d8100000,0x00000000d8100000,0x00000000d8600000)
 ParOldGen       total 86016K, used 2411K [0x0000000082200000, 0x0000000087600000, 0x00000000d6100000)
  object space 86016K, 2% used [0x0000000082200000,0x000000008245ae28,0x0000000087600000)
 Metaspace       used 21004K, capacity 21186K, committed 21296K, reserved 1067008K
  class space    used 2733K, capacity 2819K, committed 2864K, reserved 1048576K
Event: 2.000 GC heap after
Heap after GC invocations=3 (full 1):
 PSYoungGen      total 37888K, used 0K [0x00000000d6100000, 0x00000000d8b00000, 0x0000000100000000)
  eden space 32768K, 0% used [0x00000000d6100000,0x00000000d6100000,0x00000000d8100000)
  from space 5120K, 0% used [0x00000000d8600000,0x00000000d8600000,0x00000000d8b00000)
  to   space 5120K, 0% used [0x00000000d8100000,0x00000000d8100000,0x00000000d8600000)
 ParOldGen       total 64512K, used 7204K [0x0000000082200000, 0x0000000086100000, 0x00000000d6100000)
  object space 64512K, 11% used [0x0000000082200000,0x00000000829092e0,0x0000000086100000)
 Metaspace       used 21004K, capacity 21186K, committed 21296K, reserved 1067008K
  class space    used 2733K, capacity 2819K, committed 2864K, reserved 1048576K
}
Event: 2.463 GC heap before
{Heap before GC invocations=4 (full 1):
 PSYoungGen      total 37888K, used 32768K [0x00000000d6100000, 0x00000000d8b00000, 0x0000000100000000)
  eden space 32768K, 100% used [0x00000000d6100000,0x00000000d8100000,0x00000000d8100000)
  from space 5120K, 0% used [0x00000000d8600000,0x00000000d8600000,0x00000000d8b00000)
  to   space 5120K, 0% used [0x00000000d8100000,0x00000000d8100000,0x00000000d8600000)
 ParOldGen       total 64512K, used 7204K [0x0000000082200000, 0x0000000086100000, 0x00000000d6100000)
  object space 64512K, 11% used [0x0000000082200000,0x00000000829092e0,0x0000000086100000)
 Metaspace       used 26791K, capacity 26970K, committed 27184K, reserved 1073152K
  class space    used 3518K, capacity 3591K, committed 3632K, reserved 1048576K
Event: 2.470 GC heap after
Heap after GC invocations=4 (full 1):
 PSYoungGen      total 37888K, used 5106K [0x00000000d6100000, 0x00000000d9880000, 0x0000000100000000)
  eden space 32768K, 0% used [0x00000000d6100000,0x00000000d6100000,0x00000000d8100000)
  from space 5120K, 99% used [0x00000000d8100000,0x00000000d85fca08,0x00000000d8600000)
  to   space 5120K, 0% used [0x00000000d9380000,0x00000000d9380000,0x00000000d9880000)
 ParOldGen       total 64512K, used 8394K [0x0000000082200000, 0x0000000086100000, 0x00000000d6100000)
  object space 64512K, 13% used [0x0000000082200000,0x0000000082a32ab8,0x0000000086100000)
 Metaspace       used 26791K, capacity 26970K, committed 27184K, reserved 1073152K
  class space    used 3518K, capacity 3591K, committed 3632K, reserved 1048576K
}

